<?xml version="1.0" encoding="UTF-8"?>
<testsuite xmlns:xsi="http://www.w3.org/2001/XMLSchema-instance" xsi:noNamespaceSchemaLocation="https://maven.apache.org/surefire/maven-surefire-plugin/xsd/surefire-test-report.xsd" name="TestLogin" time="23.36" tests="4" errors="0" skipped="0" failures="0">
  <properties>
[...]
</properties>
  <testcase name="buttonLoginPasswordRecoveryPage" classname="TestLogin" time="6.23"/>
  <testcase name="buttonLoginRegisterPage" classname="TestLogin" time="6.093"/>
  <testcase name="buttonSignInToAccountHomePage" classname="TestLogin" time="6.782"/>
  <testcase name="buttonPersonalAccountHomePage" classname="TestLogin" time="4.251"/>
</testsuite>